[debug] [2025-10-25T19:01:48.814Z] ----------------------------------------------------------------------
[debug] [2025-10-25T19:01:48.817Z] Command:       C:\Program Files\nodejs\node.exe C:\Users\HomePC\AppData\Roaming\npm\node_modules\firebase-tools\lib\bin\firebase.js init
[debug] [2025-10-25T19:01:48.817Z] CLI Version:   14.15.1
[debug] [2025-10-25T19:01:48.817Z] Platform:      win32
[debug] [2025-10-25T19:01:48.818Z] Node Version:  v22.17.0
[debug] [2025-10-25T19:01:48.818Z] Time:          Sat Oct 25 2025 22:01:48 GMT+0300 (East Africa Time)
[debug] [2025-10-25T19:01:48.818Z] ----------------------------------------------------------------------
[debug] 
[debug] [2025-10-25T19:01:48.820Z] >>> [apiv2][query] GET https://firebase-public.firebaseio.com/cli.json [none]
[debug] [2025-10-25T19:01:48.867Z] > command requires scopes: ["email","openid","https://www.googleapis.com/auth/cloudplatformprojects.readonly","https://www.googleapis.com/auth/firebase","https://www.googleapis.com/auth/cloud-platform"]
[debug] [2025-10-25T19:01:48.867Z] > authorizing via signed-in user (josephokero074@gmail.com)
[info] 
     ######## #### ########  ######## ########     ###     ######  ########
     ##        ##  ##     ## ##       ##     ##  ##   ##  ##       ##
     ######    ##  ########  ######   ########  #########  ######  ######
     ##        ##  ##    ##  ##       ##     ## ##     ##       ## ##
     ##       #### ##     ## ######## ########  ##     ##  ######  ########

You're about to initialize a Firebase project in this directory:

  F:\surebodaweb\client

[debug] [2025-10-25T19:01:49.545Z] <<< [apiv2][status] GET https://firebase-public.firebaseio.com/cli.json 200
[debug] [2025-10-25T19:01:49.545Z] <<< [apiv2][body] GET https://firebase-public.firebaseio.com/cli.json {"cloudBuildErrorAfter":1594252800000,"cloudBuildWarnAfter":1590019200000,"defaultNode10After":1594252800000,"minVersion":"3.0.5","node8DeploysDisabledAfter":1613390400000,"node8RuntimeDisabledAfter":1615809600000,"node8WarnAfter":1600128000000}
[debug] [2025-10-25T19:02:07.083Z] ExitPromptError: User force closed the prompt with SIGINT
    at Interface.sigint (C:\Users\HomePC\AppData\Roaming\npm\node_modules\firebase-tools\node_modules\@inquirer\core\dist\commonjs\lib\create-prompt.js:101:37)
    at Interface.emit (node:events:518:28)
    at Interface.emit (node:domain:489:12)
    at [_ttyWrite] [as _ttyWrite] (node:internal/readline/interface:1132:18)
    at ReadStream.onkeypress (node:internal/readline/interface:271:20)
    at ReadStream.emit (node:events:530:35)
    at ReadStream.emit (node:domain:489:12)
    at emitKeys (node:internal/readline/utils:370:14)
    at emitKeys.next (<anonymous>)
    at ReadStream.onData (node:internal/readline/emitKeypressEvents:64:36)
[error] 
[error] Error: An unexpected error has occurred.
